{"/var/www/sites/katy-truck-social/app/server.js": {"path":"/var/www/sites/katy-truck-social/app/server.js","statementMap":{"0":{"start":{"line":2,"column":0},"end":{"line":2,"column":27}},"1":{"start":{"line":4,"column":16},"end":{"line":4,"column":34}},"2":{"start":{"line":5,"column":16},"end":{"line":5,"column":33}},"3":{"start":{"line":6,"column":16},"end":{"line":6,"column":31}},"4":{"start":{"line":7,"column":16},"end":{"line":7,"column":29}},"5":{"start":{"line":8,"column":17},"end":{"line":8,"column":41}},"6":{"start":{"line":9,"column":23},"end":{"line":9,"column":38}},"7":{"start":{"line":10,"column":18},"end":{"line":10,"column":46}},"8":{"start":{"line":11,"column":19},"end":{"line":11,"column":40}},"9":{"start":{"line":13,"column":13},"end":{"line":13,"column":22}},"10":{"start":{"line":14,"column":13},"end":{"line":14,"column":37}},"11":{"start":{"line":15,"column":22},"end":{"line":15,"column":53}},"12":{"start":{"line":16,"column":22},"end":{"line":16,"column":55}},"13":{"start":{"line":17,"column":22},"end":{"line":17,"column":55}},"14":{"start":{"line":19,"column":23},"end":{"line":19,"column":54}},"15":{"start":{"line":20,"column":23},"end":{"line":20,"column":54}},"16":{"start":{"line":21,"column":23},"end":{"line":21,"column":55}},"17":{"start":{"line":22,"column":23},"end":{"line":22,"column":51}},"18":{"start":{"line":23,"column":23},"end":{"line":23,"column":53}},"19":{"start":{"line":24,"column":23},"end":{"line":24,"column":39}},"20":{"start":{"line":25,"column":23},"end":{"line":25,"column":88}},"21":{"start":{"line":28,"column":20},"end":{"line":28,"column":74}},"22":{"start":{"line":29,"column":20},"end":{"line":29,"column":69}},"23":{"start":{"line":31,"column":18},"end":{"line":31,"column":58}},"24":{"start":{"line":33,"column":0},"end":{"line":35,"column":3}},"25":{"start":{"line":34,"column":2},"end":{"line":34,"column":62}},"26":{"start":{"line":34,"column":25},"end":{"line":34,"column":62}},"27":{"start":{"line":38,"column":2},"end":{"line":38,"column":85}},"28":{"start":{"line":38,"column":8},"end":{"line":38,"column":62}},"29":{"start":{"line":38,"column":73},"end":{"line":38,"column":83}},"30":{"start":{"line":41,"column":2},"end":{"line":41,"column":61}},"31":{"start":{"line":44,"column":15},"end":{"line":44,"column":25}},"32":{"start":{"line":45,"column":12},"end":{"line":45,"column":39}},"33":{"start":{"line":45,"column":27},"end":{"line":45,"column":38}},"34":{"start":{"line":46,"column":2},"end":{"line":46,"column":53}},"35":{"start":{"line":46,"column":11},"end":{"line":46,"column":35}},"36":{"start":{"line":46,"column":36},"end":{"line":46,"column":51}},"37":{"start":{"line":50,"column":16},"end":{"line":53,"column":2}},"38":{"start":{"line":52,"column":31},"end":{"line":52,"column":97}},"39":{"start":{"line":54,"column":15},"end":{"line":62,"column":2}},"40":{"start":{"line":58,"column":15},"end":{"line":58,"column":101}},"41":{"start":{"line":59,"column":4},"end":{"line":59,"column":74}},"42":{"start":{"line":59,"column":13},"end":{"line":59,"column":74}},"43":{"start":{"line":60,"column":4},"end":{"line":60,"column":19}},"44":{"start":{"line":64,"column":0},"end":{"line":64,"column":24}},"45":{"start":{"line":65,"column":0},"end":{"line":65,"column":48}},"46":{"start":{"line":66,"column":0},"end":{"line":66,"column":53}},"47":{"start":{"line":69,"column":15},"end":{"line":72,"column":2}},"48":{"start":{"line":77,"column":2},"end":{"line":80,"column":12}},"49":{"start":{"line":85,"column":59},"end":{"line":85,"column":64}},"50":{"start":{"line":86,"column":21},"end":{"line":86,"column":68}},"51":{"start":{"line":87,"column":21},"end":{"line":87,"column":46}},"52":{"start":{"line":88,"column":21},"end":{"line":88,"column":106}},"53":{"start":{"line":89,"column":21},"end":{"line":89,"column":50}},"54":{"start":{"line":90,"column":21},"end":{"line":90,"column":91}},"55":{"start":{"line":91,"column":21},"end":{"line":91,"column":68}},"56":{"start":{"line":92,"column":21},"end":{"line":92,"column":76}},"57":{"start":{"line":93,"column":21},"end":{"line":93,"column":61}},"58":{"start":{"line":94,"column":21},"end":{"line":94,"column":53}},"59":{"start":{"line":95,"column":21},"end":{"line":95,"column":36}},"60":{"start":{"line":105,"column":2},"end":{"line":123,"column":14}},"61":{"start":{"line":128,"column":2},"end":{"line":147,"column":5}},"62":{"start":{"line":129,"column":16},"end":{"line":129,"column":35}},"63":{"start":{"line":131,"column":16},"end":{"line":141,"column":15}},"64":{"start":{"line":143,"column":4},"end":{"line":146,"column":7}},"65":{"start":{"line":144,"column":6},"end":{"line":144,"column":87}},"66":{"start":{"line":144,"column":15},"end":{"line":144,"column":87}},"67":{"start":{"line":145,"column":6},"end":{"line":145,"column":26}},"68":{"start":{"line":152,"column":66},"end":{"line":152,"column":71}},"69":{"start":{"line":153,"column":18},"end":{"line":153,"column":44}},"70":{"start":{"line":154,"column":19},"end":{"line":154,"column":82}},"71":{"start":{"line":155,"column":18},"end":{"line":155,"column":67}},"72":{"start":{"line":156,"column":19},"end":{"line":156,"column":51}},"73":{"start":{"line":158,"column":2},"end":{"line":195,"column":3}},"74":{"start":{"line":159,"column":16},"end":{"line":180,"column":6}},"75":{"start":{"line":182,"column":17},"end":{"line":183,"column":57}},"76":{"start":{"line":184,"column":4},"end":{"line":184,"column":28}},"77":{"start":{"line":186,"column":4},"end":{"line":186,"column":47}},"78":{"start":{"line":188,"column":18},"end":{"line":188,"column":62}},"79":{"start":{"line":189,"column":14},"end":{"line":189,"column":89}},"80":{"start":{"line":190,"column":4},"end":{"line":194,"column":6}},"81":{"start":{"line":200,"column":19},"end":{"line":202,"column":10}},"82":{"start":{"line":204,"column":15},"end":{"line":227,"column":7}},"83":{"start":{"line":229,"column":2},"end":{"line":234,"column":5}},"84":{"start":{"line":240,"column":2},"end":{"line":240,"column":26}},"85":{"start":{"line":240,"column":19},"end":{"line":240,"column":26}},"86":{"start":{"line":241,"column":19},"end":{"line":243,"column":10}},"87":{"start":{"line":244,"column":21},"end":{"line":246,"column":10}},"88":{"start":{"line":247,"column":16},"end":{"line":247,"column":72}},"89":{"start":{"line":249,"column":26},"end":{"line":253,"column":7}},"90":{"start":{"line":249,"column":58},"end":{"line":253,"column":7}},"91":{"start":{"line":255,"column":15},"end":{"line":273,"column":7}},"92":{"start":{"line":275,"column":2},"end":{"line":280,"column":5}},"93":{"start":{"line":285,"column":2},"end":{"line":285,"column":33}},"94":{"start":{"line":285,"column":21},"end":{"line":285,"column":33}},"95":{"start":{"line":286,"column":19},"end":{"line":288,"column":10}},"96":{"start":{"line":289,"column":20},"end":{"line":289,"column":55}},"97":{"start":{"line":290,"column":18},"end":{"line":290,"column":20}},"98":{"start":{"line":291,"column":2},"end":{"line":305,"column":3}},"99":{"start":{"line":292,"column":4},"end":{"line":304,"column":54}},"100":{"start":{"line":293,"column":19},"end":{"line":296,"column":7}},"101":{"start":{"line":297,"column":6},"end":{"line":297,"column":73}},"102":{"start":{"line":297,"column":22},"end":{"line":297,"column":50}},"103":{"start":{"line":297,"column":51},"end":{"line":297,"column":71}},"104":{"start":{"line":298,"column":16},"end":{"line":302,"column":8}},"105":{"start":{"line":303,"column":6},"end":{"line":303,"column":34}},"106":{"start":{"line":304,"column":18},"end":{"line":304,"column":52}},"107":{"start":{"line":306,"column":2},"end":{"line":306,"column":17}},"108":{"start":{"line":312,"column":0},"end":{"line":541,"column":3}},"109":{"start":{"line":313,"column":2},"end":{"line":313,"column":45}},"110":{"start":{"line":314,"column":2},"end":{"line":540,"column":10}},"111":{"start":{"line":544,"column":0},"end":{"line":645,"column":3}},"112":{"start":{"line":546,"column":16},"end":{"line":546,"column":24}},"113":{"start":{"line":547,"column":16},"end":{"line":547,"column":24}},"114":{"start":{"line":549,"column":2},"end":{"line":549,"column":91}},"115":{"start":{"line":549,"column":13},"end":{"line":549,"column":91}},"116":{"start":{"line":551,"column":16},"end":{"line":559,"column":3}},"117":{"start":{"line":561,"column":18},"end":{"line":561,"column":52}},"118":{"start":{"line":562,"column":14},"end":{"line":573,"column":3}},"119":{"start":{"line":575,"column":15},"end":{"line":575,"column":25}},"120":{"start":{"line":576,"column":2},"end":{"line":576,"column":20}},"121":{"start":{"line":577,"column":2},"end":{"line":577,"column":17}},"122":{"start":{"line":580,"column":2},"end":{"line":580,"column":32}},"123":{"start":{"line":583,"column":2},"end":{"line":644,"column":5}},"124":{"start":{"line":584,"column":4},"end":{"line":643,"column":5}},"125":{"start":{"line":586,"column":6},"end":{"line":612,"column":7}},"126":{"start":{"line":587,"column":24},"end":{"line":587,"column":64}},"127":{"start":{"line":588,"column":8},"end":{"line":605,"column":9}},"128":{"start":{"line":589,"column":10},"end":{"line":589,"column":56}},"129":{"start":{"line":590,"column":10},"end":{"line":590,"column":55}},"130":{"start":{"line":591,"column":10},"end":{"line":591,"column":38}},"131":{"start":{"line":593,"column":10},"end":{"line":598,"column":71}},"132":{"start":{"line":594,"column":32},"end":{"line":594,"column":80}},"133":{"start":{"line":595,"column":12},"end":{"line":595,"column":64}},"134":{"start":{"line":596,"column":12},"end":{"line":596,"column":59}},"135":{"start":{"line":597,"column":12},"end":{"line":597,"column":42}},"136":{"start":{"line":598,"column":25},"end":{"line":598,"column":69}},"137":{"start":{"line":600,"column":10},"end":{"line":600,"column":52}},"138":{"start":{"line":602,"column":10},"end":{"line":602,"column":46}},"139":{"start":{"line":603,"column":10},"end":{"line":603,"column":80}},"140":{"start":{"line":604,"column":10},"end":{"line":604,"column":38}},"141":{"start":{"line":608,"column":24},"end":{"line":608,"column":81}},"142":{"start":{"line":609,"column":8},"end":{"line":609,"column":44}},"143":{"start":{"line":610,"column":8},"end":{"line":610,"column":53}},"144":{"start":{"line":611,"column":8},"end":{"line":611,"column":36}},"145":{"start":{"line":615,"column":23},"end":{"line":615,"column":52}},"146":{"start":{"line":616,"column":6},"end":{"line":616,"column":54}},"147":{"start":{"line":617,"column":6},"end":{"line":617,"column":30}},"148":{"start":{"line":620,"column":6},"end":{"line":620,"column":99}},"149":{"start":{"line":620,"column":12},"end":{"line":620,"column":35}},"150":{"start":{"line":620,"column":50},"end":{"line":620,"column":97}},"151":{"start":{"line":623,"column":6},"end":{"line":623,"column":97}},"152":{"start":{"line":623,"column":12},"end":{"line":623,"column":34}},"153":{"start":{"line":623,"column":49},"end":{"line":623,"column":95}},"154":{"start":{"line":626,"column":6},"end":{"line":629,"column":7}},"155":{"start":{"line":627,"column":24},"end":{"line":627,"column":50}},"156":{"start":{"line":628,"column":8},"end":{"line":628,"column":69}},"157":{"start":{"line":632,"column":6},"end":{"line":632,"column":52}},"158":{"start":{"line":633,"column":6},"end":{"line":633,"column":63}},"159":{"start":{"line":635,"column":6},"end":{"line":642,"column":20}},"160":{"start":{"line":636,"column":8},"end":{"line":641,"column":11}},"161":{"start":{"line":648,"column":0},"end":{"line":701,"column":3}},"162":{"start":{"line":649,"column":15},"end":{"line":649,"column":25}},"163":{"start":{"line":650,"column":23},"end":{"line":650,"column":104}},"164":{"start":{"line":652,"column":15},"end":{"line":680,"column":82}},"165":{"start":{"line":653,"column":15},"end":{"line":653,"column":47}},"166":{"start":{"line":654,"column":21},"end":{"line":656,"column":12}},"167":{"start":{"line":657,"column":4},"end":{"line":679,"column":8}},"168":{"start":{"line":671,"column":51},"end":{"line":675,"column":13}},"169":{"start":{"line":682,"column":2},"end":{"line":700,"column":17}},"170":{"start":{"line":704,"column":0},"end":{"line":715,"column":3}},"171":{"start":{"line":705,"column":15},"end":{"line":705,"column":25}},"172":{"start":{"line":706,"column":15},"end":{"line":706,"column":53}},"173":{"start":{"line":706,"column":30},"end":{"line":706,"column":52}},"174":{"start":{"line":707,"column":2},"end":{"line":707,"column":64}},"175":{"start":{"line":707,"column":12},"end":{"line":707,"column":64}},"176":{"start":{"line":708,"column":2},"end":{"line":714,"column":3}},"177":{"start":{"line":709,"column":20},"end":{"line":709,"column":46}},"178":{"start":{"line":710,"column":4},"end":{"line":710,"column":73}},"179":{"start":{"line":711,"column":4},"end":{"line":711,"column":36}},"180":{"start":{"line":713,"column":4},"end":{"line":713,"column":47}},"181":{"start":{"line":717,"column":0},"end":{"line":717,"column":82}},"182":{"start":{"line":717,"column":33},"end":{"line":717,"column":80}},"183":{"start":{"line":719,"column":0},"end":{"line":719,"column":74}},"184":{"start":{"line":719,"column":23},"end":{"line":719,"column":72}},"185":{"start":{"line":726,"column":59},"end":{"line":726,"column":64}},"186":{"start":{"line":727,"column":19},"end":{"line":727,"column":66}},"187":{"start":{"line":728,"column":19},"end":{"line":728,"column":44}},"188":{"start":{"line":729,"column":19},"end":{"line":729,"column":101}},"189":{"start":{"line":730,"column":19},"end":{"line":730,"column":108}},"190":{"start":{"line":731,"column":21},"end":{"line":731,"column":58}},"191":{"start":{"line":732,"column":19},"end":{"line":732,"column":42}},"192":{"start":{"line":735,"column":17},"end":{"line":736,"column":167}},"193":{"start":{"line":736,"column":4},"end":{"line":736,"column":167}},"194":{"start":{"line":737,"column":17},"end":{"line":738,"column":162}},"195":{"start":{"line":738,"column":4},"end":{"line":738,"column":162}},"196":{"start":{"line":740,"column":13},"end":{"line":740,"column":32}},"197":{"start":{"line":741,"column":17},"end":{"line":741,"column":26}},"198":{"start":{"line":742,"column":17},"end":{"line":742,"column":28}},"199":{"start":{"line":744,"column":18},"end":{"line":769,"column":3}},"200":{"start":{"line":771,"column":2},"end":{"line":771,"column":27}},"201":{"start":{"line":776,"column":2},"end":{"line":791,"column":5}},"202":{"start":{"line":777,"column":17},"end":{"line":777,"column":43}},"203":{"start":{"line":778,"column":17},"end":{"line":786,"column":5}},"204":{"start":{"line":787,"column":25},"end":{"line":787,"column":49}},"205":{"start":{"line":788,"column":4},"end":{"line":790,"column":7}},"206":{"start":{"line":789,"column":6},"end":{"line":789,"column":43}},"207":{"start":{"line":789,"column":15},"end":{"line":789,"column":27}},"208":{"start":{"line":789,"column":33},"end":{"line":789,"column":43}}},"fnMap":{"0":{"name":"(anonymous_0)","decl":{"start":{"line":33,"column":37},"end":{"line":33,"column":38}},"loc":{"start":{"line":33,"column":42},"end":{"line":35,"column":1}},"line":33},"1":{"name":"loadJobs","decl":{"start":{"line":37,"column":9},"end":{"line":37,"column":17}},"loc":{"start":{"line":37,"column":20},"end":{"line":39,"column":1}},"line":37},"2":{"name":"saveJobs","decl":{"start":{"line":40,"column":9},"end":{"line":40,"column":17}},"loc":{"start":{"line":40,"column":24},"end":{"line":42,"column":1}},"line":40},"3":{"name":"updateJob","decl":{"start":{"line":43,"column":9},"end":{"line":43,"column":18}},"loc":{"start":{"line":43,"column":30},"end":{"line":47,"column":1}},"line":43},"4":{"name":"(anonymous_4)","decl":{"start":{"line":45,"column":22},"end":{"line":45,"column":23}},"loc":{"start":{"line":45,"column":27},"end":{"line":45,"column":38}},"line":45},"5":{"name":"(anonymous_5)","decl":{"start":{"line":52,"column":12},"end":{"line":52,"column":13}},"loc":{"start":{"line":52,"column":31},"end":{"line":52,"column":97}},"line":52},"6":{"name":"(anonymous_6)","decl":{"start":{"line":57,"column":14},"end":{"line":57,"column":15}},"loc":{"start":{"line":57,"column":33},"end":{"line":61,"column":3}},"line":57},"7":{"name":"ffEsc","decl":{"start":{"line":75,"column":9},"end":{"line":75,"column":14}},"loc":{"start":{"line":75,"column":20},"end":{"line":81,"column":1}},"line":75},"8":{"name":"buildOverlay","decl":{"start":{"line":84,"column":9},"end":{"line":84,"column":21}},"loc":{"start":{"line":84,"column":29},"end":{"line":124,"column":1}},"line":84},"9":{"name":"processVideo","decl":{"start":{"line":127,"column":9},"end":{"line":127,"column":21}},"loc":{"start":{"line":127,"column":52},"end":{"line":148,"column":1}},"line":127},"10":{"name":"(anonymous_10)","decl":{"start":{"line":128,"column":21},"end":{"line":128,"column":22}},"loc":{"start":{"line":128,"column":42},"end":{"line":147,"column":3}},"line":128},"11":{"name":"(anonymous_11)","decl":{"start":{"line":143,"column":35},"end":{"line":143,"column":36}},"loc":{"start":{"line":143,"column":49},"end":{"line":146,"column":5}},"line":143},"12":{"name":"generateCaptions","decl":{"start":{"line":151,"column":15},"end":{"line":151,"column":31}},"loc":{"start":{"line":151,"column":39},"end":{"line":196,"column":1}},"line":151},"13":{"name":"notifyJames","decl":{"start":{"line":199,"column":15},"end":{"line":199,"column":26}},"loc":{"start":{"line":199,"column":32},"end":{"line":235,"column":1}},"line":199},"14":{"name":"notifyEric","decl":{"start":{"line":239,"column":15},"end":{"line":239,"column":25}},"loc":{"start":{"line":239,"column":31},"end":{"line":281,"column":1}},"line":239},"15":{"name":"(anonymous_15)","decl":{"start":{"line":249,"column":26},"end":{"line":249,"column":27}},"loc":{"start":{"line":249,"column":58},"end":{"line":253,"column":7}},"line":249},"16":{"name":"postViaAyrshare","decl":{"start":{"line":284,"column":15},"end":{"line":284,"column":30}},"loc":{"start":{"line":284,"column":36},"end":{"line":307,"column":1}},"line":284},"17":{"name":"(anonymous_17)","decl":{"start":{"line":312,"column":13},"end":{"line":312,"column":14}},"loc":{"start":{"line":312,"column":27},"end":{"line":541,"column":1}},"line":312},"18":{"name":"(anonymous_18)","decl":{"start":{"line":544,"column":44},"end":{"line":544,"column":45}},"loc":{"start":{"line":544,"column":64},"end":{"line":645,"column":1}},"line":544},"19":{"name":"(anonymous_19)","decl":{"start":{"line":583,"column":15},"end":{"line":583,"column":16}},"loc":{"start":{"line":583,"column":27},"end":{"line":644,"column":3}},"line":583},"20":{"name":"(anonymous_20)","decl":{"start":{"line":648,"column":18},"end":{"line":648,"column":19}},"loc":{"start":{"line":648,"column":32},"end":{"line":701,"column":1}},"line":648},"21":{"name":"(anonymous_21)","decl":{"start":{"line":652,"column":24},"end":{"line":652,"column":25}},"loc":{"start":{"line":652,"column":29},"end":{"line":680,"column":3}},"line":652},"22":{"name":"(anonymous_22)","decl":{"start":{"line":671,"column":46},"end":{"line":671,"column":47}},"loc":{"start":{"line":671,"column":51},"end":{"line":675,"column":13}},"line":671},"23":{"name":"(anonymous_23)","decl":{"start":{"line":704,"column":28},"end":{"line":704,"column":29}},"loc":{"start":{"line":704,"column":48},"end":{"line":715,"column":1}},"line":704},"24":{"name":"(anonymous_24)","decl":{"start":{"line":706,"column":25},"end":{"line":706,"column":26}},"loc":{"start":{"line":706,"column":30},"end":{"line":706,"column":52}},"line":706},"25":{"name":"(anonymous_25)","decl":{"start":{"line":717,"column":19},"end":{"line":717,"column":20}},"loc":{"start":{"line":717,"column":33},"end":{"line":717,"column":80}},"line":717},"26":{"name":"(anonymous_26)","decl":{"start":{"line":719,"column":17},"end":{"line":719,"column":18}},"loc":{"start":{"line":719,"column":23},"end":{"line":719,"column":72}},"line":719},"27":{"name":"buildPopcornOverlay","decl":{"start":{"line":725,"column":9},"end":{"line":725,"column":28}},"loc":{"start":{"line":725,"column":36},"end":{"line":772,"column":1}},"line":725},"28":{"name":"(anonymous_28)","decl":{"start":{"line":735,"column":17},"end":{"line":735,"column":18}},"loc":{"start":{"line":736,"column":4},"end":{"line":736,"column":167}},"line":736},"29":{"name":"(anonymous_29)","decl":{"start":{"line":737,"column":17},"end":{"line":737,"column":18}},"loc":{"start":{"line":738,"column":4},"end":{"line":738,"column":162}},"line":738},"30":{"name":"processPopcorn","decl":{"start":{"line":775,"column":9},"end":{"line":775,"column":23}},"loc":{"start":{"line":775,"column":54},"end":{"line":792,"column":1}},"line":775},"31":{"name":"(anonymous_31)","decl":{"start":{"line":776,"column":21},"end":{"line":776,"column":22}},"loc":{"start":{"line":776,"column":42},"end":{"line":791,"column":3}},"line":776},"32":{"name":"(anonymous_32)","decl":{"start":{"line":788,"column":79},"end":{"line":788,"column":80}},"loc":{"start":{"line":788,"column":88},"end":{"line":790,"column":5}},"line":788}},"branchMap":{"0":{"loc":{"start":{"line":14,"column":13},"end":{"line":14,"column":37}},"type":"binary-expr","locations":[{"start":{"line":14,"column":13},"end":{"line":14,"column":29}},{"start":{"line":14,"column":33},"end":{"line":14,"column":37}}],"line":14},"1":{"loc":{"start":{"line":19,"column":23},"end":{"line":19,"column":54}},"type":"binary-expr","locations":[{"start":{"line":19,"column":23},"end":{"line":19,"column":48}},{"start":{"line":19,"column":52},"end":{"line":19,"column":54}}],"line":19},"2":{"loc":{"start":{"line":20,"column":23},"end":{"line":20,"column":54}},"type":"binary-expr","locations":[{"start":{"line":20,"column":23},"end":{"line":20,"column":47}},{"start":{"line":20,"column":52},"end":{"line":20,"column":54}}],"line":20},"3":{"loc":{"start":{"line":22,"column":23},"end":{"line":22,"column":51}},"type":"binary-expr","locations":[{"start":{"line":22,"column":23},"end":{"line":22,"column":45}},{"start":{"line":22,"column":49},"end":{"line":22,"column":51}}],"line":22},"4":{"loc":{"start":{"line":25,"column":23},"end":{"line":25,"column":88}},"type":"binary-expr","locations":[{"start":{"line":25,"column":23},"end":{"line":25,"column":43}},{"start":{"line":25,"column":47},"end":{"line":25,"column":88}}],"line":25},"5":{"loc":{"start":{"line":34,"column":2},"end":{"line":34,"column":62}},"type":"if","locations":[{"start":{"line":34,"column":2},"end":{"line":34,"column":62}},{"start":{},"end":{}}],"line":34},"6":{"loc":{"start":{"line":46,"column":2},"end":{"line":46,"column":53}},"type":"if","locations":[{"start":{"line":46,"column":2},"end":{"line":46,"column":53}},{"start":{},"end":{}}],"line":46},"7":{"loc":{"start":{"line":59,"column":4},"end":{"line":59,"column":74}},"type":"if","locations":[{"start":{"line":59,"column":4},"end":{"line":59,"column":74}},{"start":{},"end":{}}],"line":59},"8":{"loc":{"start":{"line":71,"column":35},"end":{"line":71,"column":74}},"type":"binary-expr","locations":[{"start":{"line":71,"column":35},"end":{"line":71,"column":56}},{"start":{"line":71,"column":60},"end":{"line":71,"column":74}}],"line":71},"9":{"loc":{"start":{"line":77,"column":16},"end":{"line":77,"column":25}},"type":"binary-expr","locations":[{"start":{"line":77,"column":16},"end":{"line":77,"column":19}},{"start":{"line":77,"column":23},"end":{"line":77,"column":25}}],"line":77},"10":{"loc":{"start":{"line":87,"column":21},"end":{"line":87,"column":46}},"type":"cond-expr","locations":[{"start":{"line":87,"column":29},"end":{"line":87,"column":42}},{"start":{"line":87,"column":45},"end":{"line":87,"column":46}}],"line":87},"11":{"loc":{"start":{"line":88,"column":21},"end":{"line":88,"column":106}},"type":"cond-expr","locations":[{"start":{"line":88,"column":36},"end":{"line":88,"column":87}},{"start":{"line":88,"column":90},"end":{"line":88,"column":106}}],"line":88},"12":{"loc":{"start":{"line":89,"column":21},"end":{"line":89,"column":50}},"type":"cond-expr","locations":[{"start":{"line":89,"column":31},"end":{"line":89,"column":46}},{"start":{"line":89,"column":49},"end":{"line":89,"column":50}}],"line":89},"13":{"loc":{"start":{"line":90,"column":21},"end":{"line":90,"column":91}},"type":"cond-expr","locations":[{"start":{"line":90,"column":36},"end":{"line":90,"column":86}},{"start":{"line":90,"column":89},"end":{"line":90,"column":91}}],"line":90},"14":{"loc":{"start":{"line":91,"column":21},"end":{"line":91,"column":68}},"type":"cond-expr","locations":[{"start":{"line":91,"column":43},"end":{"line":91,"column":63}},{"start":{"line":91,"column":66},"end":{"line":91,"column":68}}],"line":91},"15":{"loc":{"start":{"line":144,"column":6},"end":{"line":144,"column":87}},"type":"if","locations":[{"start":{"line":144,"column":6},"end":{"line":144,"column":87}},{"start":{},"end":{}}],"line":144},"16":{"loc":{"start":{"line":154,"column":19},"end":{"line":154,"column":82}},"type":"cond-expr","locations":[{"start":{"line":154,"column":27},"end":{"line":154,"column":63}},{"start":{"line":154,"column":66},"end":{"line":154,"column":82}}],"line":154},"17":{"loc":{"start":{"line":155,"column":18},"end":{"line":155,"column":67}},"type":"cond-expr","locations":[{"start":{"line":155,"column":40},"end":{"line":155,"column":62}},{"start":{"line":155,"column":65},"end":{"line":155,"column":67}}],"line":155},"18":{"loc":{"start":{"line":156,"column":19},"end":{"line":156,"column":51}},"type":"cond-expr","locations":[{"start":{"line":156,"column":27},"end":{"line":156,"column":46}},{"start":{"line":156,"column":49},"end":{"line":156,"column":51}}],"line":156},"19":{"loc":{"start":{"line":167,"column":11},"end":{"line":167,"column":72}},"type":"cond-expr","locations":[{"start":{"line":167,"column":21},"end":{"line":167,"column":64}},{"start":{"line":167,"column":67},"end":{"line":167,"column":72}}],"line":167},"20":{"loc":{"start":{"line":169,"column":13},"end":{"line":169,"column":27}},"type":"binary-expr","locations":[{"start":{"line":169,"column":13},"end":{"line":169,"column":19}},{"start":{"line":169,"column":23},"end":{"line":169,"column":27}}],"line":169},"21":{"loc":{"start":{"line":189,"column":14},"end":{"line":189,"column":89}},"type":"cond-expr","locations":[{"start":{"line":189,"column":28},"end":{"line":189,"column":70}},{"start":{"line":189,"column":73},"end":{"line":189,"column":89}}],"line":189},"22":{"loc":{"start":{"line":191,"column":61},"end":{"line":191,"column":137}},"type":"cond-expr","locations":[{"start":{"line":191,"column":77},"end":{"line":191,"column":132}},{"start":{"line":191,"column":135},"end":{"line":191,"column":137}}],"line":191},"23":{"loc":{"start":{"line":191,"column":142},"end":{"line":191,"column":199}},"type":"cond-expr","locations":[{"start":{"line":191,"column":170},"end":{"line":191,"column":194}},{"start":{"line":191,"column":197},"end":{"line":191,"column":199}}],"line":191},"24":{"loc":{"start":{"line":192,"column":43},"end":{"line":192,"column":115}},"type":"cond-expr","locations":[{"start":{"line":192,"column":59},"end":{"line":192,"column":110}},{"start":{"line":192,"column":113},"end":{"line":192,"column":115}}],"line":192},"25":{"loc":{"start":{"line":192,"column":118},"end":{"line":192,"column":174}},"type":"cond-expr","locations":[{"start":{"line":192,"column":146},"end":{"line":192,"column":169}},{"start":{"line":192,"column":172},"end":{"line":192,"column":174}}],"line":192},"26":{"loc":{"start":{"line":193,"column":41},"end":{"line":193,"column":98}},"type":"cond-expr","locations":[{"start":{"line":193,"column":69},"end":{"line":193,"column":93}},{"start":{"line":193,"column":96},"end":{"line":193,"column":98}}],"line":193},"27":{"loc":{"start":{"line":200,"column":19},"end":{"line":202,"column":10}},"type":"cond-expr","locations":[{"start":{"line":201,"column":6},"end":{"line":201,"column":65}},{"start":{"line":202,"column":6},"end":{"line":202,"column":10}}],"line":200},"28":{"loc":{"start":{"line":212,"column":31},"end":{"line":212,"column":49}},"type":"binary-expr","locations":[{"start":{"line":212,"column":31},"end":{"line":212,"column":46}},{"start":{"line":212,"column":48},"end":{"line":212,"column":49}}],"line":212},"29":{"loc":{"start":{"line":213,"column":30},"end":{"line":213,"column":50}},"type":"binary-expr","locations":[{"start":{"line":213,"column":30},"end":{"line":213,"column":47}},{"start":{"line":213,"column":49},"end":{"line":213,"column":50}}],"line":213},"30":{"loc":{"start":{"line":214,"column":27},"end":{"line":214,"column":71}},"type":"cond-expr","locations":[{"start":{"line":214,"column":59},"end":{"line":214,"column":64}},{"start":{"line":214,"column":67},"end":{"line":214,"column":71}}],"line":214},"31":{"loc":{"start":{"line":216,"column":6},"end":{"line":216,"column":220}},"type":"cond-expr","locations":[{"start":{"line":216,"column":17},"end":{"line":216,"column":215}},{"start":{"line":216,"column":218},"end":{"line":216,"column":220}}],"line":216},"32":{"loc":{"start":{"line":219,"column":128},"end":{"line":219,"column":154}},"type":"binary-expr","locations":[{"start":{"line":219,"column":128},"end":{"line":219,"column":150}},{"start":{"line":219,"column":152},"end":{"line":219,"column":154}}],"line":219},"33":{"loc":{"start":{"line":221,"column":128},"end":{"line":221,"column":155}},"type":"binary-expr","locations":[{"start":{"line":221,"column":128},"end":{"line":221,"column":151}},{"start":{"line":221,"column":153},"end":{"line":221,"column":155}}],"line":221},"34":{"loc":{"start":{"line":223,"column":128},"end":{"line":223,"column":152}},"type":"binary-expr","locations":[{"start":{"line":223,"column":128},"end":{"line":223,"column":148}},{"start":{"line":223,"column":150},"end":{"line":223,"column":152}}],"line":223},"35":{"loc":{"start":{"line":240,"column":2},"end":{"line":240,"column":26}},"type":"if","locations":[{"start":{"line":240,"column":2},"end":{"line":240,"column":26}},{"start":{},"end":{}}],"line":240},"36":{"loc":{"start":{"line":241,"column":19},"end":{"line":243,"column":10}},"type":"cond-expr","locations":[{"start":{"line":242,"column":6},"end":{"line":242,"column":65}},{"start":{"line":243,"column":6},"end":{"line":243,"column":10}}],"line":241},"37":{"loc":{"start":{"line":244,"column":21},"end":{"line":246,"column":10}},"type":"cond-expr","locations":[{"start":{"line":245,"column":6},"end":{"line":245,"column":63}},{"start":{"line":246,"column":6},"end":{"line":246,"column":10}}],"line":244},"38":{"loc":{"start":{"line":252,"column":211},"end":{"line":252,"column":222}},"type":"binary-expr","locations":[{"start":{"line":252,"column":211},"end":{"line":252,"column":218}},{"start":{"line":252,"column":220},"end":{"line":252,"column":222}}],"line":252},"39":{"loc":{"start":{"line":263,"column":6},"end":{"line":265,"column":16}},"type":"cond-expr","locations":[{"start":{"line":263,"column":17},"end":{"line":265,"column":11}},{"start":{"line":265,"column":14},"end":{"line":265,"column":16}}],"line":263},"40":{"loc":{"start":{"line":285,"column":2},"end":{"line":285,"column":33}},"type":"if","locations":[{"start":{"line":285,"column":2},"end":{"line":285,"column":33}},{"start":{},"end":{}}],"line":285},"41":{"loc":{"start":{"line":286,"column":19},"end":{"line":288,"column":10}},"type":"cond-expr","locations":[{"start":{"line":287,"column":6},"end":{"line":287,"column":65}},{"start":{"line":288,"column":6},"end":{"line":288,"column":10}}],"line":286},"42":{"loc":{"start":{"line":294,"column":14},"end":{"line":294,"column":63}},"type":"binary-expr","locations":[{"start":{"line":294,"column":14},"end":{"line":294,"column":31}},{"start":{"line":294,"column":35},"end":{"line":294,"column":57}},{"start":{"line":294,"column":61},"end":{"line":294,"column":63}}],"line":294},"43":{"loc":{"start":{"line":297,"column":6},"end":{"line":297,"column":73}},"type":"if","locations":[{"start":{"line":297,"column":6},"end":{"line":297,"column":73}},{"start":{},"end":{}}],"line":297},"44":{"loc":{"start":{"line":549,"column":2},"end":{"line":549,"column":91}},"type":"if","locations":[{"start":{"line":549,"column":2},"end":{"line":549,"column":91}},{"start":{},"end":{}}],"line":549},"45":{"loc":{"start":{"line":552,"column":15},"end":{"line":552,"column":39}},"type":"binary-expr","locations":[{"start":{"line":552,"column":15},"end":{"line":552,"column":28}},{"start":{"line":552,"column":37},"end":{"line":552,"column":39}}],"line":552},"46":{"loc":{"start":{"line":553,"column":15},"end":{"line":553,"column":39}},"type":"binary-expr","locations":[{"start":{"line":553,"column":15},"end":{"line":553,"column":28}},{"start":{"line":553,"column":37},"end":{"line":553,"column":39}}],"line":553},"47":{"loc":{"start":{"line":554,"column":15},"end":{"line":554,"column":39}},"type":"binary-expr","locations":[{"start":{"line":554,"column":15},"end":{"line":554,"column":29}},{"start":{"line":554,"column":37},"end":{"line":554,"column":39}}],"line":554},"48":{"loc":{"start":{"line":555,"column":15},"end":{"line":555,"column":39}},"type":"binary-expr","locations":[{"start":{"line":555,"column":15},"end":{"line":555,"column":31}},{"start":{"line":555,"column":37},"end":{"line":555,"column":39}}],"line":555},"49":{"loc":{"start":{"line":556,"column":15},"end":{"line":556,"column":39}},"type":"binary-expr","locations":[{"start":{"line":556,"column":15},"end":{"line":556,"column":29}},{"start":{"line":556,"column":37},"end":{"line":556,"column":39}}],"line":556},"50":{"loc":{"start":{"line":557,"column":15},"end":{"line":557,"column":41}},"type":"binary-expr","locations":[{"start":{"line":557,"column":15},"end":{"line":557,"column":33}},{"start":{"line":557,"column":37},"end":{"line":557,"column":41}}],"line":557},"51":{"loc":{"start":{"line":558,"column":15},"end":{"line":558,"column":39}},"type":"binary-expr","locations":[{"start":{"line":558,"column":15},"end":{"line":558,"column":29}},{"start":{"line":558,"column":37},"end":{"line":558,"column":39}}],"line":558},"52":{"loc":{"start":{"line":586,"column":6},"end":{"line":612,"column":7}},"type":"if","locations":[{"start":{"line":586,"column":6},"end":{"line":612,"column":7}},{"start":{"line":606,"column":13},"end":{"line":612,"column":7}}],"line":586},"53":{"loc":{"start":{"line":626,"column":6},"end":{"line":629,"column":7}},"type":"if","locations":[{"start":{"line":626,"column":6},"end":{"line":629,"column":7}},{"start":{},"end":{}}],"line":626},"54":{"loc":{"start":{"line":652,"column":15},"end":{"line":680,"column":82}},"type":"binary-expr","locations":[{"start":{"line":652,"column":15},"end":{"line":680,"column":13}},{"start":{"line":680,"column":17},"end":{"line":680,"column":82}}],"line":652},"55":{"loc":{"start":{"line":653,"column":15},"end":{"line":653,"column":47}},"type":"binary-expr","locations":[{"start":{"line":653,"column":15},"end":{"line":653,"column":37}},{"start":{"line":653,"column":41},"end":{"line":653,"column":47}}],"line":653},"56":{"loc":{"start":{"line":654,"column":21},"end":{"line":656,"column":12}},"type":"cond-expr","locations":[{"start":{"line":655,"column":8},"end":{"line":655,"column":65}},{"start":{"line":656,"column":8},"end":{"line":656,"column":12}}],"line":654},"57":{"loc":{"start":{"line":662,"column":130},"end":{"line":662,"column":146}},"type":"binary-expr","locations":[{"start":{"line":662,"column":130},"end":{"line":662,"column":143}},{"start":{"line":662,"column":145},"end":{"line":662,"column":146}}],"line":662},"58":{"loc":{"start":{"line":662,"column":189},"end":{"line":662,"column":207}},"type":"binary-expr","locations":[{"start":{"line":662,"column":189},"end":{"line":662,"column":204}},{"start":{"line":662,"column":206},"end":{"line":662,"column":207}}],"line":662},"59":{"loc":{"start":{"line":666,"column":5},"end":{"line":667,"column":8}},"type":"cond-expr","locations":[{"start":{"line":666,"column":16},"end":{"line":667,"column":3}},{"start":{"line":667,"column":6},"end":{"line":667,"column":8}}],"line":666},"60":{"loc":{"start":{"line":668,"column":4},"end":{"line":677,"column":18}},"type":"cond-expr","locations":[{"start":{"line":668,"column":17},"end":{"line":677,"column":13}},{"start":{"line":677,"column":16},"end":{"line":677,"column":18}}],"line":668},"61":{"loc":{"start":{"line":674,"column":91},"end":{"line":674,"column":108}},"type":"binary-expr","locations":[{"start":{"line":674,"column":91},"end":{"line":674,"column":104}},{"start":{"line":674,"column":106},"end":{"line":674,"column":108}}],"line":674},"62":{"loc":{"start":{"line":678,"column":4},"end":{"line":678,"column":291}},"type":"cond-expr","locations":[{"start":{"line":678,"column":27},"end":{"line":678,"column":286}},{"start":{"line":678,"column":289},"end":{"line":678,"column":291}}],"line":678},"63":{"loc":{"start":{"line":689,"column":50},"end":{"line":689,"column":78}},"type":"cond-expr","locations":[{"start":{"line":689,"column":70},"end":{"line":689,"column":73}},{"start":{"line":689,"column":76},"end":{"line":689,"column":78}}],"line":689},"64":{"loc":{"start":{"line":707,"column":2},"end":{"line":707,"column":64}},"type":"if","locations":[{"start":{"line":707,"column":2},"end":{"line":707,"column":64}},{"start":{},"end":{}}],"line":707},"65":{"loc":{"start":{"line":728,"column":19},"end":{"line":728,"column":44}},"type":"cond-expr","locations":[{"start":{"line":728,"column":27},"end":{"line":728,"column":40}},{"start":{"line":728,"column":43},"end":{"line":728,"column":44}}],"line":728},"66":{"loc":{"start":{"line":729,"column":19},"end":{"line":729,"column":101}},"type":"cond-expr","locations":[{"start":{"line":729,"column":34},"end":{"line":729,"column":82}},{"start":{"line":729,"column":85},"end":{"line":729,"column":101}}],"line":729},"67":{"loc":{"start":{"line":730,"column":19},"end":{"line":730,"column":108}},"type":"cond-expr","locations":[{"start":{"line":730,"column":29},"end":{"line":730,"column":103}},{"start":{"line":730,"column":106},"end":{"line":730,"column":108}}],"line":730},"68":{"loc":{"start":{"line":761,"column":8},"end":{"line":764,"column":10}},"type":"cond-expr","locations":[{"start":{"line":761,"column":16},"end":{"line":764,"column":5}},{"start":{"line":764,"column":8},"end":{"line":764,"column":10}}],"line":761},"69":{"loc":{"start":{"line":789,"column":6},"end":{"line":789,"column":43}},"type":"if","locations":[{"start":{"line":789,"column":6},"end":{"line":789,"column":43}},{"start":{"line":789,"column":33},"end":{"line":789,"column":43}}],"line":789}},"s":{"0":0,"1":0,"2":0,"3":0,"4":0,"5":0,"6":0,"7":0,"8":0,"9":0,"10":0,"11":0,"12":0,"13":0,"14":0,"15":0,"16":0,"17":0,"18":0,"19":0,"20":0,"21":0,"22":0,"23":0,"24":0,"25":0,"26":0,"27":0,"28":0,"29":0,"30":0,"31":0,"32":0,"33":0,"34":0,"35":0,"36":0,"37":0,"38":0,"39":0,"40":0,"41":0,"42":0,"43":0,"44":0,"45":0,"46":0,"47":0,"48":0,"49":0,"50":0,"51":0,"52":0,"53":0,"54":0,"55":0,"56":0,"57":0,"58":0,"59":0,"60":0,"61":0,"62":0,"63":0,"64":0,"65":0,"66":0,"67":0,"68":0,"69":0,"70":0,"71":0,"72":0,"73":0,"74":0,"75":0,"76":0,"77":0,"78":0,"79":0,"80":0,"81":0,"82":0,"83":0,"84":0,"85":0,"86":0,"87":0,"88":0,"89":0,"90":0,"91":0,"92":0,"93":0,"94":0,"95":0,"96":0,"97":0,"98":0,"99":0,"100":0,"101":0,"102":0,"103":0,"104":0,"105":0,"106":0,"107":0,"108":0,"109":0,"110":0,"111":0,"112":0,"113":0,"114":0,"115":0,"116":0,"117":0,"118":0,"119":0,"120":0,"121":0,"122":0,"123":0,"124":0,"125":0,"126":0,"127":0,"128":0,"129":0,"130":0,"131":0,"132":0,"133":0,"134":0,"135":0,"136":0,"137":0,"138":0,"139":0,"140":0,"141":0,"142":0,"143":0,"144":0,"145":0,"146":0,"147":0,"148":0,"149":0,"150":0,"151":0,"152":0,"153":0,"154":0,"155":0,"156":0,"157":0,"158":0,"159":0,"160":0,"161":0,"162":0,"163":0,"164":0,"165":0,"166":0,"167":0,"168":0,"169":0,"170":0,"171":0,"172":0,"173":0,"174":0,"175":0,"176":0,"177":0,"178":0,"179":0,"180":0,"181":0,"182":0,"183":0,"184":0,"185":0,"186":0,"187":0,"188":0,"189":0,"190":0,"191":0,"192":0,"193":0,"194":0,"195":0,"196":0,"197":0,"198":0,"199":0,"200":0,"201":0,"202":0,"203":0,"204":0,"205":0,"206":0,"207":0,"208":0},"f":{"0":0,"1":0,"2":0,"3":0,"4":0,"5":0,"6":0,"7":0,"8":0,"9":0,"10":0,"11":0,"12":0,"13":0,"14":0,"15":0,"16":0,"17":0,"18":0,"19":0,"20":0,"21":0,"22":0,"23":0,"24":0,"25":0,"26":0,"27":0,"28":0,"29":0,"30":0,"31":0,"32":0},"b":{"0":[0,0],"1":[0,0],"2":[0,0],"3":[0,0],"4":[0,0],"5":[0,0],"6":[0,0],"7":[0,0],"8":[0,0],"9":[0,0],"10":[0,0],"11":[0,0],"12":[0,0],"13":[0,0],"14":[0,0],"15":[0,0],"16":[0,0],"17":[0,0],"18":[0,0],"19":[0,0],"20":[0,0],"21":[0,0],"22":[0,0],"23":[0,0],"24":[0,0],"25":[0,0],"26":[0,0],"27":[0,0],"28":[0,0],"29":[0,0],"30":[0,0],"31":[0,0],"32":[0,0],"33":[0,0],"34":[0,0],"35":[0,0],"36":[0,0],"37":[0,0],"38":[0,0],"39":[0,0],"40":[0,0],"41":[0,0],"42":[0,0,0],"43":[0,0],"44":[0,0],"45":[0,0],"46":[0,0],"47":[0,0],"48":[0,0],"49":[0,0],"50":[0,0],"51":[0,0],"52":[0,0],"53":[0,0],"54":[0,0],"55":[0,0],"56":[0,0],"57":[0,0],"58":[0,0],"59":[0,0],"60":[0,0],"61":[0,0],"62":[0,0],"63":[0,0],"64":[0,0],"65":[0,0],"66":[0,0],"67":[0,0],"68":[0,0],"69":[0,0]}}
}
