TN:
SF:server.js
FN:33,(anonymous_0)
FN:37,loadJobs
FN:40,saveJobs
FN:43,updateJob
FN:45,(anonymous_4)
FN:52,(anonymous_5)
FN:57,(anonymous_6)
FN:75,ffEsc
FN:84,buildOverlay
FN:127,processVideo
FN:128,(anonymous_10)
FN:143,(anonymous_11)
FN:151,generateCaptions
FN:199,notifyJames
FN:239,notifyEric
FN:249,(anonymous_15)
FN:284,postViaAyrshare
FN:312,(anonymous_17)
FN:544,(anonymous_18)
FN:583,(anonymous_19)
FN:648,(anonymous_20)
FN:652,(anonymous_21)
FN:671,(anonymous_22)
FN:704,(anonymous_23)
FN:706,(anonymous_24)
FN:717,(anonymous_25)
FN:719,(anonymous_26)
FN:725,buildPopcornOverlay
FN:735,(anonymous_28)
FN:737,(anonymous_29)
FN:775,processPopcorn
FN:776,(anonymous_31)
FN:788,(anonymous_32)
FNF:33
FNH:0
FNDA:0,(anonymous_0)
FNDA:0,loadJobs
FNDA:0,saveJobs
FNDA:0,updateJob
FNDA:0,(anonymous_4)
FNDA:0,(anonymous_5)
FNDA:0,(anonymous_6)
FNDA:0,ffEsc
FNDA:0,buildOverlay
FNDA:0,processVideo
FNDA:0,(anonymous_10)
FNDA:0,(anonymous_11)
FNDA:0,generateCaptions
FNDA:0,notifyJames
FNDA:0,notifyEric
FNDA:0,(anonymous_15)
FNDA:0,postViaAyrshare
FNDA:0,(anonymous_17)
FNDA:0,(anonymous_18)
FNDA:0,(anonymous_19)
FNDA:0,(anonymous_20)
FNDA:0,(anonymous_21)
FNDA:0,(anonymous_22)
FNDA:0,(anonymous_23)
FNDA:0,(anonymous_24)
FNDA:0,(anonymous_25)
FNDA:0,(anonymous_26)
FNDA:0,buildPopcornOverlay
FNDA:0,(anonymous_28)
FNDA:0,(anonymous_29)
FNDA:0,processPopcorn
FNDA:0,(anonymous_31)
FNDA:0,(anonymous_32)
DA:2,0
DA:4,0
DA:5,0
DA:6,0
DA:7,0
DA:8,0
DA:9,0
DA:10,0
DA:11,0
DA:13,0
DA:14,0
DA:15,0
DA:16,0
DA:17,0
DA:19,0
DA:20,0
DA:21,0
DA:22,0
DA:23,0
DA:24,0
DA:25,0
DA:28,0
DA:29,0
DA:31,0
DA:33,0
DA:34,0
DA:38,0
DA:41,0
DA:44,0
DA:45,0
DA:46,0
DA:50,0
DA:52,0
DA:54,0
DA:58,0
DA:59,0
DA:60,0
DA:64,0
DA:65,0
DA:66,0
DA:69,0
DA:77,0
DA:85,0
DA:86,0
DA:87,0
DA:88,0
DA:89,0
DA:90,0
DA:91,0
DA:92,0
DA:93,0
DA:94,0
DA:95,0
DA:105,0
DA:128,0
DA:129,0
DA:131,0
DA:143,0
DA:144,0
DA:145,0
DA:152,0
DA:153,0
DA:154,0
DA:155,0
DA:156,0
DA:158,0
DA:159,0
DA:182,0
DA:184,0
DA:186,0
DA:188,0
DA:189,0
DA:190,0
DA:200,0
DA:204,0
DA:229,0
DA:240,0
DA:241,0
DA:244,0
DA:247,0
DA:249,0
DA:255,0
DA:275,0
DA:285,0
DA:286,0
DA:289,0
DA:290,0
DA:291,0
DA:292,0
DA:293,0
DA:297,0
DA:298,0
DA:303,0
DA:304,0
DA:306,0
DA:312,0
DA:313,0
DA:314,0
DA:544,0
DA:546,0
DA:547,0
DA:549,0
DA:551,0
DA:561,0
DA:562,0
DA:575,0
DA:576,0
DA:577,0
DA:580,0
DA:583,0
DA:584,0
DA:586,0
DA:587,0
DA:588,0
DA:589,0
DA:590,0
DA:591,0
DA:593,0
DA:594,0
DA:595,0
DA:596,0
DA:597,0
DA:598,0
DA:600,0
DA:602,0
DA:603,0
DA:604,0
DA:608,0
DA:609,0
DA:610,0
DA:611,0
DA:615,0
DA:616,0
DA:617,0
DA:620,0
DA:623,0
DA:626,0
DA:627,0
DA:628,0
DA:632,0
DA:633,0
DA:635,0
DA:636,0
DA:648,0
DA:649,0
DA:650,0
DA:652,0
DA:653,0
DA:654,0
DA:657,0
DA:671,0
DA:682,0
DA:704,0
DA:705,0
DA:706,0
DA:707,0
DA:708,0
DA:709,0
DA:710,0
DA:711,0
DA:713,0
DA:717,0
DA:719,0
DA:726,0
DA:727,0
DA:728,0
DA:729,0
DA:730,0
DA:731,0
DA:732,0
DA:735,0
DA:736,0
DA:737,0
DA:738,0
DA:740,0
DA:741,0
DA:742,0
DA:744,0
DA:771,0
DA:776,0
DA:777,0
DA:778,0
DA:787,0
DA:788,0
DA:789,0
LF:185
LH:0
BRDA:14,0,0,0
BRDA:14,0,1,0
BRDA:19,1,0,0
BRDA:19,1,1,0
BRDA:20,2,0,0
BRDA:20,2,1,0
BRDA:22,3,0,0
BRDA:22,3,1,0
BRDA:25,4,0,0
BRDA:25,4,1,0
BRDA:34,5,0,0
BRDA:34,5,1,0
BRDA:46,6,0,0
BRDA:46,6,1,0
BRDA:59,7,0,0
BRDA:59,7,1,0
BRDA:71,8,0,0
BRDA:71,8,1,0
BRDA:77,9,0,0
BRDA:77,9,1,0
BRDA:87,10,0,0
BRDA:87,10,1,0
BRDA:88,11,0,0
BRDA:88,11,1,0
BRDA:89,12,0,0
BRDA:89,12,1,0
BRDA:90,13,0,0
BRDA:90,13,1,0
BRDA:91,14,0,0
BRDA:91,14,1,0
BRDA:144,15,0,0
BRDA:144,15,1,0
BRDA:154,16,0,0
BRDA:154,16,1,0
BRDA:155,17,0,0
BRDA:155,17,1,0
BRDA:156,18,0,0
BRDA:156,18,1,0
BRDA:167,19,0,0
BRDA:167,19,1,0
BRDA:169,20,0,0
BRDA:169,20,1,0
BRDA:189,21,0,0
BRDA:189,21,1,0
BRDA:191,22,0,0
BRDA:191,22,1,0
BRDA:191,23,0,0
BRDA:191,23,1,0
BRDA:192,24,0,0
BRDA:192,24,1,0
BRDA:192,25,0,0
BRDA:192,25,1,0
BRDA:193,26,0,0
BRDA:193,26,1,0
BRDA:200,27,0,0
BRDA:200,27,1,0
BRDA:212,28,0,0
BRDA:212,28,1,0
BRDA:213,29,0,0
BRDA:213,29,1,0
BRDA:214,30,0,0
BRDA:214,30,1,0
BRDA:216,31,0,0
BRDA:216,31,1,0
BRDA:219,32,0,0
BRDA:219,32,1,0
BRDA:221,33,0,0
BRDA:221,33,1,0
BRDA:223,34,0,0
BRDA:223,34,1,0
BRDA:240,35,0,0
BRDA:240,35,1,0
BRDA:241,36,0,0
BRDA:241,36,1,0
BRDA:244,37,0,0
BRDA:244,37,1,0
BRDA:252,38,0,0
BRDA:252,38,1,0
BRDA:263,39,0,0
BRDA:263,39,1,0
BRDA:285,40,0,0
BRDA:285,40,1,0
BRDA:286,41,0,0
BRDA:286,41,1,0
BRDA:294,42,0,0
BRDA:294,42,1,0
BRDA:294,42,2,0
BRDA:297,43,0,0
BRDA:297,43,1,0
BRDA:549,44,0,0
BRDA:549,44,1,0
BRDA:552,45,0,0
BRDA:552,45,1,0
BRDA:553,46,0,0
BRDA:553,46,1,0
BRDA:554,47,0,0
BRDA:554,47,1,0
BRDA:555,48,0,0
BRDA:555,48,1,0
BRDA:556,49,0,0
BRDA:556,49,1,0
BRDA:557,50,0,0
BRDA:557,50,1,0
BRDA:558,51,0,0
BRDA:558,51,1,0
BRDA:586,52,0,0
BRDA:586,52,1,0
BRDA:626,53,0,0
BRDA:626,53,1,0
BRDA:652,54,0,0
BRDA:652,54,1,0
BRDA:653,55,0,0
BRDA:653,55,1,0
BRDA:654,56,0,0
BRDA:654,56,1,0
BRDA:662,57,0,0
BRDA:662,57,1,0
BRDA:662,58,0,0
BRDA:662,58,1,0
BRDA:666,59,0,0
BRDA:666,59,1,0
BRDA:668,60,0,0
BRDA:668,60,1,0
BRDA:674,61,0,0
BRDA:674,61,1,0
BRDA:678,62,0,0
BRDA:678,62,1,0
BRDA:689,63,0,0
BRDA:689,63,1,0
BRDA:707,64,0,0
BRDA:707,64,1,0
BRDA:728,65,0,0
BRDA:728,65,1,0
BRDA:729,66,0,0
BRDA:729,66,1,0
BRDA:730,67,0,0
BRDA:730,67,1,0
BRDA:761,68,0,0
BRDA:761,68,1,0
BRDA:789,69,0,0
BRDA:789,69,1,0
BRF:141
BRH:0
end_of_record
